11:00:38.887 | V |                      | ArgumentsFromParametersFile.OnBuildCreated (150)
11:00:38.928 | V |                      | Passing value for IHazSolution.Solution (kcdcWorkshop.sln)
11:00:38.937 | V |                      | InjectParameterValues.OnBuildCreated (100)
11:00:38.944 | V |                      | HandleShellCompletion.OnBuildCreated (75)
11:00:39.054 | V |                      | GenerateBuildServerConfigurations.OnBuildCreated (50)
11:00:39.055 | V |                      | InvokeBuildServerConfigurationGeneration.OnBuildCreated (45)
11:00:39.068 | V |                      | UpdateNotification.OnBuildCreated (10)
11:00:39.068 | V |                      | UnsetVisualStudioEnvironmentVariables.OnBuildCreated (0)
11:00:39.072 | V |                      | HandleVisualStudioDebugging.OnBuildCreated (0)
11:00:39.073 | V |                      | HandleSingleFileExecution.OnBuildCreated (-50)
11:00:39.073 | V |                      | EventInvoker.OnBuildCreated (-3.4028235E+38)
11:00:39.091 | V |                      | HandleHelpRequests.OnBuildInitialized (5)
11:00:39.091 | V |                      | Telemetry.OnBuildInitialized (0)
11:00:40.570 | V |                      | Sending BuildStarted telemetry event ...
11:00:40.573 | V |                      |   build_components         = 
11:00:40.573 | V |                      |   build_type               = Project
11:00:40.573 | V |                      |   compile_time             = 5
11:00:40.573 | V |                      |   config_generators        = 
11:00:40.573 | V |                      |   host                     = Terminal
11:00:40.573 | V |                      |   num_custom_components    = 21
11:00:40.573 | V |                      |   num_custom_extensions    = 3
11:00:40.573 | V |                      |   num_partitioned_targets  = 0
11:00:40.573 | V |                      |   num_secrets              = 16
11:00:40.573 | V |                      |   num_targets              = 13
11:00:40.573 | V |                      |   os_architecture          = X64
11:00:40.573 | V |                      |   os_platform              = Windows
11:00:40.573 | V |                      |   repo_branch              = main
11:00:40.573 | V |                      |   repo_commit              = e17f9a
11:00:40.573 | V |                      |   repo_provider            = GitHub
11:00:40.573 | V |                      |   repo_url                 = bc9854
11:00:40.573 | V |                      |   target_framework         = .NETCoreApp,Version=v6.0
11:00:40.573 | V |                      |   version_dotnet_sdk       = 6.0.400
11:00:40.573 | V |                      |   version_nuke_common      = 6.1.2
11:00:40.573 | V |                      |   version_nuke_global_tool = 6.1.2
11:00:41.159 | V |                      | InjectNonParameterValues.OnBuildInitialized (-100)
11:00:44.661 | W |                      | Could not inject value for Build.NerdbankVersioning
System.Exception: Missing package reference/download.
Run one of the following commands:
  - nuke :add-package nbgv --version 3.5.109
 ---> System.ArgumentException: Could not find package 'nbgv' using:
 - Project assets file 'C:\Users\AndrewHarris\Documents\Maui\kcdcWorkshop\build\obj\project.assets.json'
 - NuGet packages config 'C:\Users\AndrewHarris\Documents\Maui\kcdcWorkshop\build\kcdc.csproj'
   at Nuke.Common.Assert.NotNull[T](T obj, String message, String argumentExpression) in /_/source/Nuke.Common/Assert.cs:line 61
   at Nuke.Common.Tooling.ToolPathResolver.GetPackageDirectory(String[] packageIds, String version) in /_/source/Nuke.Common/Tooling/ToolPathResolver.cs:line 94
   --- End of inner exception stack trace ---
   at Nuke.Common.Assert.Fail(String message, Exception exception) in /_/source/Nuke.Common/Assert.cs:line 22
   at Nuke.Common.Tooling.ToolPathResolver.GetPackageDirectory(String[] packageIds, String version) in /_/source/Nuke.Common/Tooling/ToolPathResolver.cs:line 154
   at Nuke.Common.Tooling.ToolPathResolver.GetPackageExecutable(String packageId, String packageExecutable, String version, String framework) in /_/source/Nuke.Common/Tooling/ToolPathResolver.cs:line 41
   at Nuke.Common.Tools.NerdbankGitVersioning.NerdbankGitVersioningTasks.get_NerdbankGitVersioningPath() in /_/source/Nuke.Common/Tools/NerdbankGitVersioning/NerdbankGitVersioning.Generated.cs:line 32
   at Nuke.Common.Tools.NerdbankGitVersioning.NerdbankGitVersioningGetVersionSettings.get_ProcessToolPath() in /_/source/Nuke.Common/Tools/NerdbankGitVersioning/NerdbankGitVersioning.Generated.cs:line 467
   at Nuke.Common.Tooling.ProcessTasks.StartProcess(ToolSettings toolSettings) in /_/source/Nuke.Common/Tooling/ProcessTasks.cs:line 55
   at Nuke.Common.Tools.NerdbankGitVersioning.NerdbankGitVersioningTasks.NerdbankGitVersioningGetVersion(NerdbankGitVersioningGetVersionSettings toolSettings) in /_/source/Nuke.Common/Tools/NerdbankGitVersioning/NerdbankGitVersioning.Generated.cs:line 112
   at Nuke.Common.Tools.NerdbankGitVersioning.NerdbankGitVersioningTasks.NerdbankGitVersioningGetVersion(Configure`1 configurator) in /_/source/Nuke.Common/Tools/NerdbankGitVersioning/NerdbankGitVersioning.Generated.cs:line 132
   at Nuke.Common.Tools.NerdbankGitVersioning.NerdbankGitVersioningAttribute.GetValue(MemberInfo member, Object instance) in /_/source/Nuke.Common/Tools/NerdbankGitVersioning/NerdbankGitVersioningAttribute.cs:line 27
   at Nuke.Common.ValueInjection.ValueInjectionAttributeBase.TryGetValue(MemberInfo member, Object instance) in /_/source/Nuke.Common/ValueInjection/ValueInjectionAttributeBase.cs:line 25
11:00:44.821 | V |                      | EventInvoker.OnBuildInitialized (-3.4028235E+38)
11:00:44.856 | V | EncodeFile           | EventInvoker.OnTargetRunning (-3.4028235E+38)
11:00:44.856 | D | EncodeFile           | Encoding file: kcdcdemo.keystore
11:00:44.861 | D | EncodeFile           | File has been encoded to: .nuke\temp\kcdcdemo.b64
11:00:44.861 | V | EncodeFile           | Telemetry.OnTargetSucceeded (0)
11:00:44.862 | V | EncodeFile           | EventInvoker.OnTargetSucceeded (-3.4028235E+38)
